<?xml version="1.0" encoding="UTF-8" ?>
<testsuite failures="0" time="0.826" errors="0" skipped="0" tests="47" name="com.salesforce.ide.wsdl2apex.core.WSDL2ApexTest">
  <properties>
    <property name="idea.version" value="13.1.3"/>
    <property name="java.runtime.name" value="Java(TM) SE Runtime Environment"/>
    <property name="sun.boot.library.path" value="/Library/Java/JavaVirtualMachines/jdk1.7.0_21.jdk/Contents/Home/jre/lib"/>
    <property name="java.vm.version" value="23.21-b01"/>
    <property name="gopherProxySet" value="false"/>
    <property name="java.vm.vendor" value="Oracle Corporation"/>
    <property name="java.vendor.url" value="http://java.oracle.com/"/>
    <property name="path.separator" value=":"/>
    <property name="guice.disable.misplaced.annotation.check" value="true"/>
    <property name="java.vm.name" value="Java HotSpot(TM) 64-Bit Server VM"/>
    <property name="file.encoding.pkg" value="sun.io"/>
    <property name="idea.launcher.port" value="7536"/>
    <property name="user.country" value="US"/>
    <property name="sun.java.launcher" value="SUN_STANDARD"/>
    <property name="sun.os.patch.level" value="unknown"/>
    <property name="java.vm.specification.name" value="Java Virtual Machine Specification"/>
    <property name="user.dir" value="/Users/nchen/Desktop/WSDL2Apex"/>
    <property name="java.runtime.version" value="1.7.0_21-b12"/>
    <property name="java.awt.graphicsenv" value="sun.awt.CGraphicsEnvironment"/>
    <property name="java.endorsed.dirs" value="/Library/Java/JavaVirtualMachines/jdk1.7.0_21.jdk/Contents/Home/jre/lib/endorsed"/>
    <property name="os.arch" value="x86_64"/>
    <property name="java.io.tmpdir" value="/var/folders/4v/29d6fthd3bv1zmwn9rj7rq2rlc95ms/T/"/>
    <property name="line.separator" value="
"/>
    <property name="java.vm.specification.vendor" value="Oracle Corporation"/>
    <property name="os.name" value="Mac OS X"/>
    <property name="classworlds.conf" value="/usr/share/java/maven-3.0.4/bin/m2.conf"/>
    <property name="sun.jnu.encoding" value="US-ASCII"/>
    <property name="java.library.path" value="/Users/nchen/blt/tools/Darwin/oracle/11.2.0.3_x64::/Users/nchen/Library/Java/Extensions:/Library/Java/Extensions:/Network/Library/Java/Extensions:/System/Library/Java/Extensions:/usr/lib/java:."/>
    <property name="java.specification.name" value="Java Platform API Specification"/>
    <property name="java.class.version" value="51.0"/>
    <property name="sun.management.compiler" value="HotSpot 64-Bit Tiered Compilers"/>
    <property name="os.version" value="10.8.5"/>
    <property name="http.nonProxyHosts" value="local|*.local|169.254/16|*.169.254/16"/>
    <property name="user.home" value="/Users/nchen"/>
    <property name="user.timezone" value="US/Pacific"/>
    <property name="java.awt.printerjob" value="sun.lwawt.macosx.CPrinterJob"/>
    <property name="java.specification.version" value="1.7"/>
    <property name="idea.launcher.bin.path" value="/Applications/IntelliJ IDEA 13.app/bin"/>
    <property name="file.encoding" value="UTF-8"/>
    <property name="user.name" value="nchen"/>
    <property name="java.class.path" value="/usr/share/java/maven-3.0.4/boot/plexus-classworlds-2.4.jar:/Applications/IntelliJ IDEA 13.app/lib/idea_rt.jar"/>
    <property name="java.vm.specification.version" value="1.7"/>
    <property name="sun.arch.data.model" value="64"/>
    <property name="java.home" value="/Library/Java/JavaVirtualMachines/jdk1.7.0_21.jdk/Contents/Home/jre"/>
    <property name="sun.java.command" value="com.intellij.rt.execution.application.AppMain org.codehaus.classworlds.Launcher -Didea.version=13.1.3 package"/>
    <property name="java.specification.vendor" value="Oracle Corporation"/>
    <property name="user.language" value="en"/>
    <property name="awt.toolkit" value="sun.lwawt.macosx.LWCToolkit"/>
    <property name="java.vm.info" value="mixed mode"/>
    <property name="java.version" value="1.7.0_21"/>
    <property name="java.ext.dirs" value="/Users/nchen/Library/Java/Extensions:/Library/Java/JavaVirtualMachines/jdk1.7.0_21.jdk/Contents/Home/jre/lib/ext:/Library/Java/Extensions:/Network/Library/Java/Extensions:/System/Library/Java/Extensions:/usr/lib/java"/>
    <property name="sun.boot.class.path" value="/Library/Java/JavaVirtualMachines/jdk1.7.0_21.jdk/Contents/Home/jre/lib/resources.jar:/Library/Java/JavaVirtualMachines/jdk1.7.0_21.jdk/Contents/Home/jre/lib/rt.jar:/Library/Java/JavaVirtualMachines/jdk1.7.0_21.jdk/Contents/Home/jre/lib/sunrsasign.jar:/Library/Java/JavaVirtualMachines/jdk1.7.0_21.jdk/Contents/Home/jre/lib/jsse.jar:/Library/Java/JavaVirtualMachines/jdk1.7.0_21.jdk/Contents/Home/jre/lib/jce.jar:/Library/Java/JavaVirtualMachines/jdk1.7.0_21.jdk/Contents/Home/jre/lib/charsets.jar:/Library/Java/JavaVirtualMachines/jdk1.7.0_21.jdk/Contents/Home/jre/lib/jfr.jar:/Library/Java/JavaVirtualMachines/jdk1.7.0_21.jdk/Contents/Home/jre/lib/JObjC.jar:/Library/Java/JavaVirtualMachines/jdk1.7.0_21.jdk/Contents/Home/jre/classes"/>
    <property name="java.vendor" value="Oracle Corporation"/>
    <property name="maven.home" value="/usr/share/java/maven-3.0.4"/>
    <property name="file.separator" value="/"/>
    <property name="java.vendor.url.bug" value="http://bugreport.sun.com/bugreport/"/>
    <property name="sun.cpu.endian" value="little"/>
    <property name="sun.io.unicode.encoding" value="UnicodeBig"/>
    <property name="socksNonProxyHosts" value="local|*.local|169.254/16|*.169.254/16"/>
    <property name="ftp.nonProxyHosts" value="local|*.local|169.254/16|*.169.254/16"/>
    <property name="sun.cpu.isalist" value=""/>
  </properties>
  <testcase time="0.173" classname="com.salesforce.ide.wsdl2apex.core.WSDL2ApexTest" name="testSimpleType"/>
  <testcase time="0.041" classname="com.salesforce.ide.wsdl2apex.core.WSDL2ApexTest" name="testAsyncFalse"/>
  <testcase time="0.004" classname="com.salesforce.ide.wsdl2apex.core.WSDL2ApexTest" name="testMissingSchemaForElement"/>
  <testcase time="0.01" classname="com.salesforce.ide.wsdl2apex.core.WSDL2ApexTest" name="testIncorrectBinding"/>
  <testcase time="0.039" classname="com.salesforce.ide.wsdl2apex.core.WSDL2ApexTest" name="testNewClassNames"/>
  <testcase time="0.003" classname="com.salesforce.ide.wsdl2apex.core.WSDL2ApexTest" name="testNumberOfMessagePartsInput"/>
  <testcase time="0.009" classname="com.salesforce.ide.wsdl2apex.core.WSDL2ApexTest" name="testMissingService"/>
  <testcase time="0.018" classname="com.salesforce.ide.wsdl2apex.core.WSDL2ApexTest" name="testNoOperation"/>
  <testcase time="0.029" classname="com.salesforce.ide.wsdl2apex.core.WSDL2ApexTest" name="testExchange"/>
  <testcase time="0.003" classname="com.salesforce.ide.wsdl2apex.core.WSDL2ApexTest" name="testRPC"/>
  <testcase time="0.003" classname="com.salesforce.ide.wsdl2apex.core.WSDL2ApexTest" name="testUnsupportedSchemaType"/>
  <testcase time="0.006" classname="com.salesforce.ide.wsdl2apex.core.WSDL2ApexTest" name="testNoBindingInPort"/>
  <testcase time="0.034" classname="com.salesforce.ide.wsdl2apex.core.WSDL2ApexTest" name="testAmazonGood"/>
  <testcase time="0.093" classname="com.salesforce.ide.wsdl2apex.core.WSDL2ApexTest" name="testBigFile"/>
  <testcase time="0.022" classname="com.salesforce.ide.wsdl2apex.core.WSDL2ApexTest" name="testSomeTypesMissing"/>
  <testcase time="0.014" classname="com.salesforce.ide.wsdl2apex.core.WSDL2ApexTest" name="testNamespaceDependencies"/>
  <testcase time="0.01" classname="com.salesforce.ide.wsdl2apex.core.WSDL2ApexTest" name="testMissingTypes"/>
  <testcase time="0.002" classname="com.salesforce.ide.wsdl2apex.core.WSDL2ApexTest" name="testTextFileAsWsdl"/>
  <testcase time="0.004" classname="com.salesforce.ide.wsdl2apex.core.WSDL2ApexTest" name="testNoMessagePartsInput"/>
  <testcase time="0.01" classname="com.salesforce.ide.wsdl2apex.core.WSDL2ApexTest" name="testPortAndTypeWithSameName"/>
  <testcase time="0.004" classname="com.salesforce.ide.wsdl2apex.core.WSDL2ApexTest" name="testUndefinedSchemaType"/>
  <testcase time="0.003" classname="com.salesforce.ide.wsdl2apex.core.WSDL2ApexTest" name="testNoMessagePartsOutput"/>
  <testcase time="0.007" classname="com.salesforce.ide.wsdl2apex.core.WSDL2ApexTest" name="testMissingBinding"/>
  <testcase time="0.018" classname="com.salesforce.ide.wsdl2apex.core.WSDL2ApexTest" name="testIncorrectXsdType"/>
  <testcase time="0.008" classname="com.salesforce.ide.wsdl2apex.core.WSDL2ApexTest" name="testDocSample"/>
  <testcase time="0.013" classname="com.salesforce.ide.wsdl2apex.core.WSDL2ApexTest" name="testTwoNamespaces"/>
  <testcase time="0.011" classname="com.salesforce.ide.wsdl2apex.core.WSDL2ApexTest" name="testMissingPort"/>
  <testcase time="0.002" classname="com.salesforce.ide.wsdl2apex.core.WSDL2ApexTest" name="testIncldues"/>
  <testcase time="0.01" classname="com.salesforce.ide.wsdl2apex.core.WSDL2ApexTest" name="testSqlMutations"/>
  <testcase time="0.003" classname="com.salesforce.ide.wsdl2apex.core.WSDL2ApexTest" name="testRpcWsdl"/>
  <testcase time="0.017" classname="com.salesforce.ide.wsdl2apex.core.WSDL2ApexTest" name="testMultiplePortType"/>
  <testcase time="0.003" classname="com.salesforce.ide.wsdl2apex.core.WSDL2ApexTest" name="testNumberOfMessagePartsOutput"/>
  <testcase time="0.023" classname="com.salesforce.ide.wsdl2apex.core.WSDL2ApexTest" name="testMultipleNamespace"/>
  <testcase time="0.007" classname="com.salesforce.ide.wsdl2apex.core.WSDL2ApexTest" name="testTestNameMangle"/>
  <testcase time="0.032" classname="com.salesforce.ide.wsdl2apex.core.WSDL2ApexTest" name="testLargeFile"/>
  <testcase time="0.002" classname="com.salesforce.ide.wsdl2apex.core.WSDL2ApexTest" name="testImport"/>
  <testcase time="0.006" classname="com.salesforce.ide.wsdl2apex.core.WSDL2ApexTest" name="testMissingPortType"/>
  <testcase time="0.003" classname="com.salesforce.ide.wsdl2apex.core.WSDL2ApexTest" name="testMultipleBinding"/>
  <testcase time="0.009" classname="com.salesforce.ide.wsdl2apex.core.WSDL2ApexTest" name="testSimple"/>
  <testcase time="0.004" classname="com.salesforce.ide.wsdl2apex.core.WSDL2ApexTest" name="testSoapAddress"/>
  <testcase time="0.016" classname="com.salesforce.ide.wsdl2apex.core.WSDL2ApexTest" name="testNoElementInPort"/>
  <testcase time="0.003" classname="com.salesforce.ide.wsdl2apex.core.WSDL2ApexTest" name="testInvalidXml"/>
  <testcase time="0.002" classname="com.salesforce.ide.wsdl2apex.core.WSDL2ApexTest" name="testNestedComplexType"/>
  <testcase time="0.01" classname="com.salesforce.ide.wsdl2apex.core.WSDL2ApexTest" name="testMissingNamespace"/>
  <testcase time="0.002" classname="com.salesforce.ide.wsdl2apex.core.WSDL2ApexTest" name="testNoNameFault"/>
  <testcase time="0.016" classname="com.salesforce.ide.wsdl2apex.core.WSDL2ApexTest" name="testIncorrectMessageName"/>
  <testcase time="0.006" classname="com.salesforce.ide.wsdl2apex.core.WSDL2ApexTest" name="testNameElement"/>
</testsuite>