<?xml version="1.0" encoding="UTF-8" ?>
<testsuite failures="0" time="0.609" errors="0" skipped="0" tests="48" name="com.salesforce.ide.wsdl2apex.core.Wsdl2ApexTest">
  <properties>
    <property name="java.runtime.name" value="Java(TM) SE Runtime Environment"/>
    <property name="sun.boot.library.path" value="/usr/lib/jvm/java-7-oracle/jre/lib/amd64"/>
    <property name="java.vm.version" value="24.51-b03"/>
    <property name="java.vm.vendor" value="Oracle Corporation"/>
    <property name="java.vendor.url" value="http://java.oracle.com/"/>
    <property name="path.separator" value=":"/>
    <property name="guice.disable.misplaced.annotation.check" value="true"/>
    <property name="java.vm.name" value="Java HotSpot(TM) 64-Bit Server VM"/>
    <property name="file.encoding.pkg" value="sun.io"/>
    <property name="user.country" value="US"/>
    <property name="sun.java.launcher" value="SUN_STANDARD"/>
    <property name="sun.os.patch.level" value="unknown"/>
    <property name="java.vm.specification.name" value="Java Virtual Machine Specification"/>
    <property name="user.dir" value="/home/kevin.ren/Wsdl2Apex"/>
    <property name="java.runtime.version" value="1.7.0_51-b13"/>
    <property name="java.awt.graphicsenv" value="sun.awt.X11GraphicsEnvironment"/>
    <property name="java.endorsed.dirs" value="/usr/lib/jvm/java-7-oracle/jre/lib/endorsed"/>
    <property name="os.arch" value="amd64"/>
    <property name="java.io.tmpdir" value="/tmp"/>
    <property name="line.separator" value="
"/>
    <property name="java.vm.specification.vendor" value="Oracle Corporation"/>
    <property name="os.name" value="Linux"/>
    <property name="classworlds.conf" value="/usr/share/maven/bin/m2.conf"/>
    <property name="sun.jnu.encoding" value="UTF-8"/>
    <property name="java.library.path" value="/usr/java/packages/lib/amd64:/usr/lib64:/lib64:/lib:/usr/lib"/>
    <property name="java.specification.name" value="Java Platform API Specification"/>
    <property name="java.class.version" value="51.0"/>
    <property name="sun.management.compiler" value="HotSpot 64-Bit Tiered Compilers"/>
    <property name="os.version" value="3.13.0-35-generic"/>
    <property name="user.home" value="/home/kevin.ren"/>
    <property name="user.timezone" value="America/Los_Angeles"/>
    <property name="java.awt.printerjob" value="sun.print.PSPrinterJob"/>
    <property name="file.encoding" value="UTF-8"/>
    <property name="java.specification.version" value="1.7"/>
    <property name="user.name" value="kevin.ren"/>
    <property name="java.class.path" value="/usr/share/maven/boot/plexus-classworlds-2.x.jar"/>
    <property name="java.vm.specification.version" value="1.7"/>
    <property name="sun.arch.data.model" value="64"/>
    <property name="java.home" value="/usr/lib/jvm/java-7-oracle/jre"/>
    <property name="sun.java.command" value="org.codehaus.plexus.classworlds.launcher.Launcher install package"/>
    <property name="java.specification.vendor" value="Oracle Corporation"/>
    <property name="user.language" value="en"/>
    <property name="awt.toolkit" value="sun.awt.X11.XToolkit"/>
    <property name="java.vm.info" value="mixed mode"/>
    <property name="java.version" value="1.7.0_51"/>
    <property name="java.ext.dirs" value="/usr/lib/jvm/java-7-oracle/jre/lib/ext:/usr/java/packages/lib/ext"/>
    <property name="securerandom.source" value="file:/dev/./urandom"/>
    <property name="sun.boot.class.path" value="/usr/lib/jvm/java-7-oracle/jre/lib/resources.jar:/usr/lib/jvm/java-7-oracle/jre/lib/rt.jar:/usr/lib/jvm/java-7-oracle/jre/lib/sunrsasign.jar:/usr/lib/jvm/java-7-oracle/jre/lib/jsse.jar:/usr/lib/jvm/java-7-oracle/jre/lib/jce.jar:/usr/lib/jvm/java-7-oracle/jre/lib/charsets.jar:/usr/lib/jvm/java-7-oracle/jre/lib/jfr.jar:/usr/lib/jvm/java-7-oracle/jre/classes"/>
    <property name="java.vendor" value="Oracle Corporation"/>
    <property name="maven.home" value="/usr/share/maven"/>
    <property name="file.separator" value="/"/>
    <property name="java.vendor.url.bug" value="http://bugreport.sun.com/bugreport/"/>
    <property name="sun.cpu.endian" value="little"/>
    <property name="sun.io.unicode.encoding" value="UnicodeLittle"/>
    <property name="sun.desktop" value="gnome"/>
    <property name="sun.cpu.isalist" value=""/>
  </properties>
  <testcase time="0.155" classname="com.salesforce.ide.wsdl2apex.core.Wsdl2ApexTest" name="testSimpleType"/>
  <testcase time="0.028" classname="com.salesforce.ide.wsdl2apex.core.Wsdl2ApexTest" name="testAsyncFalse"/>
  <testcase time="0.004" classname="com.salesforce.ide.wsdl2apex.core.Wsdl2ApexTest" name="testMissingSchemaForElement"/>
  <testcase time="0.016" classname="com.salesforce.ide.wsdl2apex.core.Wsdl2ApexTest" name="testIncorrectBinding"/>
  <testcase time="0.026" classname="com.salesforce.ide.wsdl2apex.core.Wsdl2ApexTest" name="testNewClassNames"/>
  <testcase time="0.002" classname="com.salesforce.ide.wsdl2apex.core.Wsdl2ApexTest" name="testNumberOfMessagePartsInput"/>
  <testcase time="0.005" classname="com.salesforce.ide.wsdl2apex.core.Wsdl2ApexTest" name="testMissingService"/>
  <testcase time="0.012" classname="com.salesforce.ide.wsdl2apex.core.Wsdl2ApexTest" name="testNoOperation"/>
  <testcase time="0.019" classname="com.salesforce.ide.wsdl2apex.core.Wsdl2ApexTest" name="testExchange"/>
  <testcase time="0.003" classname="com.salesforce.ide.wsdl2apex.core.Wsdl2ApexTest" name="testRPC"/>
  <testcase time="0.003" classname="com.salesforce.ide.wsdl2apex.core.Wsdl2ApexTest" name="testUnsupportedSchemaType"/>
  <testcase time="0.005" classname="com.salesforce.ide.wsdl2apex.core.Wsdl2ApexTest" name="testNoBindingInPort"/>
  <testcase time="0.026" classname="com.salesforce.ide.wsdl2apex.core.Wsdl2ApexTest" name="testAmazonGood"/>
  <testcase time="0.065" classname="com.salesforce.ide.wsdl2apex.core.Wsdl2ApexTest" name="testBigFile"/>
  <testcase time="0.018" classname="com.salesforce.ide.wsdl2apex.core.Wsdl2ApexTest" name="testSomeTypesMissing"/>
  <testcase time="0.006" classname="com.salesforce.ide.wsdl2apex.core.Wsdl2ApexTest" name="testNamespaceDependencies"/>
  <testcase time="0.004" classname="com.salesforce.ide.wsdl2apex.core.Wsdl2ApexTest" name="testNoTypeForElement"/>
  <testcase time="0.005" classname="com.salesforce.ide.wsdl2apex.core.Wsdl2ApexTest" name="testMissingTypes"/>
  <testcase time="0.001" classname="com.salesforce.ide.wsdl2apex.core.Wsdl2ApexTest" name="testTextFileAsWsdl"/>
  <testcase time="0.002" classname="com.salesforce.ide.wsdl2apex.core.Wsdl2ApexTest" name="testNoMessagePartsInput"/>
  <testcase time="0.008" classname="com.salesforce.ide.wsdl2apex.core.Wsdl2ApexTest" name="testPortAndTypeWithSameName"/>
  <testcase time="0.004" classname="com.salesforce.ide.wsdl2apex.core.Wsdl2ApexTest" name="testUndefinedSchemaType"/>
  <testcase time="0.002" classname="com.salesforce.ide.wsdl2apex.core.Wsdl2ApexTest" name="testNoMessagePartsOutput"/>
  <testcase time="0.006" classname="com.salesforce.ide.wsdl2apex.core.Wsdl2ApexTest" name="testMissingBinding"/>
  <testcase time="0.014" classname="com.salesforce.ide.wsdl2apex.core.Wsdl2ApexTest" name="testIncorrectXsdType"/>
  <testcase time="0.003" classname="com.salesforce.ide.wsdl2apex.core.Wsdl2ApexTest" name="testDocSample"/>
  <testcase time="0.003" classname="com.salesforce.ide.wsdl2apex.core.Wsdl2ApexTest" name="testTwoNamespaces"/>
  <testcase time="0.007" classname="com.salesforce.ide.wsdl2apex.core.Wsdl2ApexTest" name="testMissingPort"/>
  <testcase time="0.001" classname="com.salesforce.ide.wsdl2apex.core.Wsdl2ApexTest" name="testIncldues"/>
  <testcase time="0.004" classname="com.salesforce.ide.wsdl2apex.core.Wsdl2ApexTest" name="testSqlMutations"/>
  <testcase time="0.002" classname="com.salesforce.ide.wsdl2apex.core.Wsdl2ApexTest" name="testRpcWsdl"/>
  <testcase time="0.013" classname="com.salesforce.ide.wsdl2apex.core.Wsdl2ApexTest" name="testMultiplePortType"/>
  <testcase time="0.003" classname="com.salesforce.ide.wsdl2apex.core.Wsdl2ApexTest" name="testNumberOfMessagePartsOutput"/>
  <testcase time="0.012" classname="com.salesforce.ide.wsdl2apex.core.Wsdl2ApexTest" name="testMultipleNamespace"/>
  <testcase time="0.003" classname="com.salesforce.ide.wsdl2apex.core.Wsdl2ApexTest" name="testTestNameMangle"/>
  <testcase time="0.012" classname="com.salesforce.ide.wsdl2apex.core.Wsdl2ApexTest" name="testLargeFile"/>
  <testcase time="0.001" classname="com.salesforce.ide.wsdl2apex.core.Wsdl2ApexTest" name="testImport"/>
  <testcase time="0.006" classname="com.salesforce.ide.wsdl2apex.core.Wsdl2ApexTest" name="testMissingPortType"/>
  <testcase time="0.001" classname="com.salesforce.ide.wsdl2apex.core.Wsdl2ApexTest" name="testMultipleBinding"/>
  <testcase time="0.003" classname="com.salesforce.ide.wsdl2apex.core.Wsdl2ApexTest" name="testSimple"/>
  <testcase time="0.003" classname="com.salesforce.ide.wsdl2apex.core.Wsdl2ApexTest" name="testSoapAddress"/>
  <testcase time="0.013" classname="com.salesforce.ide.wsdl2apex.core.Wsdl2ApexTest" name="testNoElementInPort"/>
  <testcase time="0.002" classname="com.salesforce.ide.wsdl2apex.core.Wsdl2ApexTest" name="testInvalidXml"/>
  <testcase time="0.002" classname="com.salesforce.ide.wsdl2apex.core.Wsdl2ApexTest" name="testNestedComplexType"/>
  <testcase time="0.006" classname="com.salesforce.ide.wsdl2apex.core.Wsdl2ApexTest" name="testMissingNamespace"/>
  <testcase time="0.002" classname="com.salesforce.ide.wsdl2apex.core.Wsdl2ApexTest" name="testNoNameFault"/>
  <testcase time="0.012" classname="com.salesforce.ide.wsdl2apex.core.Wsdl2ApexTest" name="testIncorrectMessageName"/>
  <testcase time="0.003" classname="com.salesforce.ide.wsdl2apex.core.Wsdl2ApexTest" name="testNameElement"/>
</testsuite>